Using pre-set license
Built from '2020.3/staging' branch; Version is '2020.3.8f1 (507919d4fff5) revision 5273881'; Using compiler version '192528614'; Build Type 'Release'
OS: 'Windows 10 Pro; OS build 19043.1110; Version 2009; 64bit' Language: 'es' Physical Memory: 6028 MB
BatchMode: 1, IsHumanControllingUs: 0, StartBugReporterOnCrash: 0, Is64bit: 1, IsPro: 0

 COMMAND LINE ARGUMENTS:
C:\Program Files\Unity\Hub\Editor\2020.3.8f1\Editor\Unity.exe
-adb2
-batchMode
-noUpm
-name
AssetImportWorker1
-projectPath
C:/Users/neo_s/Desktop/Proyectos/Juego/JuegoLogico
-logFile
Logs/AssetImportWorker1.log
-srvPort
59406
Successfully changed project path to: C:/Users/neo_s/Desktop/Proyectos/Juego/JuegoLogico
C:/Users/neo_s/Desktop/Proyectos/Juego/JuegoLogico
Using Asset Import Pipeline V2.
Refreshing native plugins compatible for Editor in 75.91 ms, found 3 plugins.
Preloading 0 native plugins for Editor in 0.00 ms.
Initialize engine version: 2020.3.8f1 (507919d4fff5)
[Subsystems] Discovering subsystems at path C:/Program Files/Unity/Hub/Editor/2020.3.8f1/Editor/Data/Resources/UnitySubsystems
[Subsystems] Discovering subsystems at path C:/Users/neo_s/Desktop/Proyectos/Juego/JuegoLogico/Assets
GfxDevice: creating device client; threaded=0
Direct3D:
    Version:  Direct3D 11.0 [level 11.0]
    Renderer: Intel(R) HD Graphics (ID=0x152)
    Vendor:   
    VRAM:     128 MB
    Driver:   10.18.10.4252
Initialize mono
Mono path[0] = 'C:/Program Files/Unity/Hub/Editor/2020.3.8f1/Editor/Data/Managed'
Mono path[1] = 'C:/Program Files/Unity/Hub/Editor/2020.3.8f1/Editor/Data/MonoBleedingEdge/lib/mono/unityjit'
Mono config path = 'C:/Program Files/Unity/Hub/Editor/2020.3.8f1/Editor/Data/MonoBleedingEdge/etc'
Using monoOptions --debugger-agent=transport=dt_socket,embedding=1,server=y,suspend=n,address=127.0.0.1:56544
Begin MonoManager ReloadAssembly
Registering precompiled unity dll's ...
Register platform support module: C:/Program Files/Unity/Hub/Editor/2020.3.8f1/Editor/Data/PlaybackEngines/WindowsStandaloneSupport/UnityEditor.WindowsStandalone.Extensions.dll
Registered in 0.002580 seconds.
Native extension for WindowsStandalone target not found
Refreshing native plugins compatible for Editor in 63.05 ms, found 3 plugins.
Preloading 0 native plugins for Editor in 0.00 ms.
Mono: successfully reloaded assembly
- Completed reload, in  1.997 seconds
Platform modules already initialized, skipping
Registering precompiled user dll's ...
Registered in 0.012077 seconds.
Begin MonoManager ReloadAssembly
Native extension for WindowsStandalone target not found
Refreshing native plugins compatible for Editor in 64.00 ms, found 3 plugins.
Preloading 0 native plugins for Editor in 0.00 ms.
Mono: successfully reloaded assembly
- Completed reload, in  1.532 seconds
Platform modules already initialized, skipping
========================================================================
Worker process is ready to serve import requests
Launched and connected shader compiler UnityShaderCompiler.exe after 0.24 seconds
Refreshing native plugins compatible for Editor in 0.75 ms, found 3 plugins.
Preloading 0 native plugins for Editor in 0.00 ms.
Unloading 1834 Unused Serialized files (Serialized files now loaded: 0)
System memory in use before: 98.1 MB.
System memory in use after: 98.1 MB.

Unloading 41 unused Assets to reduce memory usage. Loaded Objects now: 2317.
Total: 2.988200 ms (FindLiveObjects: 0.218000 ms CreateObjectMapping: 0.097000 ms MarkObjects: 2.485200 ms  DeleteObjects: 0.186100 ms)

========================================================================
Received Import Request.
  path: Assets/Scripts/Animacion
  artifactKey: Guid(7d3d6eb0c5bea7143b098dfd057d27e9) Importer(815301076,1909f56bfc062723c751e8b465ee728b)
Start importing Assets/Scripts/Animacion using Guid(7d3d6eb0c5bea7143b098dfd057d27e9) Importer(815301076,1909f56bfc062723c751e8b465ee728b)  -> (artifact id: '7a824c7be8a540e9198e9275502abf18') in 0.053162 seconds
  Import took 0.069506 seconds .

========================================================================
Received Import Request.
  Time since last request: 104.058450 seconds.
  path: Assets/Scripts/Animacion/JohnMovement.cs
  artifactKey: Guid(0cb4583e191e3e442a53a9fbdf070d93) Importer(815301076,1909f56bfc062723c751e8b465ee728b)
Start importing Assets/Scripts/Animacion/JohnMovement.cs using Guid(0cb4583e191e3e442a53a9fbdf070d93) Importer(815301076,1909f56bfc062723c751e8b465ee728b)  -> (artifact id: '98045311c5e2759b5035c489cdd5ce9e') in 0.216493 seconds
  Import took 0.227833 seconds .

========================================================================
Received Import Request.
  Time since last request: 110.224234 seconds.
  path: Assets/ComponetsJose/Primer Mundo/Preview Al Ganar Nivel.png
  artifactKey: Guid(ad4a4f008760b814486be3ace4e60198) Importer(815301076,1909f56bfc062723c751e8b465ee728b)
Start importing Assets/ComponetsJose/Primer Mundo/Preview Al Ganar Nivel.png using Guid(ad4a4f008760b814486be3ace4e60198) Importer(815301076,1909f56bfc062723c751e8b465ee728b)  -> (artifact id: 'd476d092861d3e62195288a27d0c64f9') in 0.462705 seconds
  Import took 0.489000 seconds .

========================================================================
Received Import Request.
  Time since last request: 0.000322 seconds.
  path: Assets/ComponetsJose/Primer Mundo/Vista con puerta Desbloqueda.png
  artifactKey: Guid(96ead5b6c58feb847838f29779acf64e) Importer(815301076,1909f56bfc062723c751e8b465ee728b)
Start importing Assets/ComponetsJose/Primer Mundo/Vista con puerta Desbloqueda.png using Guid(96ead5b6c58feb847838f29779acf64e) Importer(815301076,1909f56bfc062723c751e8b465ee728b)  -> (artifact id: '3589e980d9e4a4d9dfb7719eb2ec681c') in 0.091566 seconds
  Import took 0.110600 seconds .

========================================================================
Received Import Request.
  Time since last request: 0.000241 seconds.
  path: Assets/ComponetsJose/Primer Mundo/Preview General Al empezar el mundo.png
  artifactKey: Guid(9675f8e229af1954b82d076672d095d3) Importer(815301076,1909f56bfc062723c751e8b465ee728b)
Start importing Assets/ComponetsJose/Primer Mundo/Preview General Al empezar el mundo.png using Guid(9675f8e229af1954b82d076672d095d3) Importer(815301076,1909f56bfc062723c751e8b465ee728b)  -> (artifact id: '8c3313223d6077e937bc1cc5d4fa93c1') in 0.086752 seconds
  Import took 0.090604 seconds .

========================================================================
Received Import Request.
  Time since last request: 0.000251 seconds.
  path: Assets/ComponetsJose/Primer Mundo/Preview Menu Pausa.png
  artifactKey: Guid(40c8bf5f558a3b74ab704e02f6baea80) Importer(815301076,1909f56bfc062723c751e8b465ee728b)
Start importing Assets/ComponetsJose/Primer Mundo/Preview Menu Pausa.png using Guid(40c8bf5f558a3b74ab704e02f6baea80) Importer(815301076,1909f56bfc062723c751e8b465ee728b)  -> (artifact id: '42bd93f0fb2b7aead487cbcfa11e9b38') in 0.064609 seconds
  Import took 0.070196 seconds .

========================================================================
Received Import Request.
  Time since last request: 17.637860 seconds.
  path: Assets/ComponetsJose/Primer Mundo/Sprite Mago
  artifactKey: Guid(01093d259b40ac44294330a98793fcc9) Importer(815301076,1909f56bfc062723c751e8b465ee728b)
Start importing Assets/ComponetsJose/Primer Mundo/Sprite Mago using Guid(01093d259b40ac44294330a98793fcc9) Importer(815301076,1909f56bfc062723c751e8b465ee728b)  -> (artifact id: '679b24c7caaf9fdb31c112b44e7f93c2') in 0.016426 seconds
  Import took 0.058998 seconds .

========================================================================
Received Import Request.
  Time since last request: 0.056662 seconds.
  path: Assets/ComponetsJose/Primer Mundo/Sprite Mago/2_WALK_000.png
  artifactKey: Guid(aa4137a8d951ed048a96d6afff2c5875) Importer(815301076,1909f56bfc062723c751e8b465ee728b)
Start importing Assets/ComponetsJose/Primer Mundo/Sprite Mago/2_WALK_000.png using Guid(aa4137a8d951ed048a96d6afff2c5875) Importer(815301076,1909f56bfc062723c751e8b465ee728b)  -> (artifact id: '082e419e9db2d110dac51a817c38842f') in 0.112641 seconds
  Import took 0.152173 seconds .

========================================================================
Received Import Request.
  Time since last request: 0.000335 seconds.
  path: Assets/ComponetsJose/Primer Mundo/Sprite Mago/2_WALK_001.png
  artifactKey: Guid(017be06add55d324b9e9435289518e7a) Importer(815301076,1909f56bfc062723c751e8b465ee728b)
Start importing Assets/ComponetsJose/Primer Mundo/Sprite Mago/2_WALK_001.png using Guid(017be06add55d324b9e9435289518e7a) Importer(815301076,1909f56bfc062723c751e8b465ee728b)  -> (artifact id: '0d14f6ea6fde5147a626b65ba52a66b2') in 0.132681 seconds
  Import took 0.138119 seconds .

========================================================================
Received Import Request.
  Time since last request: 0.000296 seconds.
  path: Assets/ComponetsJose/Primer Mundo/Sprite Mago/2_WALK_002.png
  artifactKey: Guid(2d89b9af4402aa5449cda1caa694d19b) Importer(815301076,1909f56bfc062723c751e8b465ee728b)
Start importing Assets/ComponetsJose/Primer Mundo/Sprite Mago/2_WALK_002.png using Guid(2d89b9af4402aa5449cda1caa694d19b) Importer(815301076,1909f56bfc062723c751e8b465ee728b)  -> (artifact id: '1c01ca738da467e725ce6ed8e51b8c83') in 0.141961 seconds
  Import took 0.146684 seconds .

========================================================================
Received Import Request.
  Time since last request: 0.000284 seconds.
  path: Assets/ComponetsJose/Primer Mundo/Sprite Mago/2_WALK_003.png
  artifactKey: Guid(1f1bcf93f011bd14c80dc7cb6d602323) Importer(815301076,1909f56bfc062723c751e8b465ee728b)
Start importing Assets/ComponetsJose/Primer Mundo/Sprite Mago/2_WALK_003.png using Guid(1f1bcf93f011bd14c80dc7cb6d602323) Importer(815301076,1909f56bfc062723c751e8b465ee728b)  -> (artifact id: 'de8cea81fa93b252729e33dd655fc396') in 0.195200 seconds
  Import took 0.199987 seconds .

========================================================================
Received Import Request.
  Time since last request: 0.000304 seconds.
  path: Assets/ComponetsJose/Primer Mundo/Sprite Mago/2_WALK_004.png
  artifactKey: Guid(74475eceb6588cf49a6e368416f26934) Importer(815301076,1909f56bfc062723c751e8b465ee728b)
Start importing Assets/ComponetsJose/Primer Mundo/Sprite Mago/2_WALK_004.png using Guid(74475eceb6588cf49a6e368416f26934) Importer(815301076,1909f56bfc062723c751e8b465ee728b)  -> (artifact id: 'e2827c6ababc7bc9687d8ef202c69461') in 0.144045 seconds
  Import took 0.190448 seconds .

========================================================================
Received Import Request.
  Time since last request: 50.305290 seconds.
  path: Assets/New Terrain.asset
  artifactKey: Guid(a1485656642afb540913b459df9713ed) Importer(815301076,1909f56bfc062723c751e8b465ee728b)
Start importing Assets/New Terrain.asset using Guid(a1485656642afb540913b459df9713ed) Importer(815301076,1909f56bfc062723c751e8b465ee728b)  -> (artifact id: 'a46b69d86342c7f5764857d71ee3fd7c') in 0.170696 seconds
  Import took 0.194916 seconds .

========================================================================
Received Import Request.
  Time since last request: 26.888362 seconds.
  path: Assets/LoDemas
  artifactKey: Guid(f85fe3012ab73694e97ea41622fcae17) Importer(815301076,1909f56bfc062723c751e8b465ee728b)
Start importing Assets/LoDemas using Guid(f85fe3012ab73694e97ea41622fcae17) Importer(815301076,1909f56bfc062723c751e8b465ee728b)  -> (artifact id: '630fe0049fc9ce9c57aa8ce359632010') in 0.016988 seconds
  Import took 0.022828 seconds .

========================================================================
Received Import Request.
  Time since last request: 7.935005 seconds.
  path: Assets/Prefabs
  artifactKey: Guid(bfc04f53fb96ab44189aff8c3a9bdb84) Importer(815301076,1909f56bfc062723c751e8b465ee728b)
Start importing Assets/Prefabs using Guid(bfc04f53fb96ab44189aff8c3a9bdb84) Importer(815301076,1909f56bfc062723c751e8b465ee728b)  -> (artifact id: 'c2e37d5d6bd2b8d45ffe1a3ae543bcd0') in 0.022877 seconds
  Import took 0.039815 seconds .

========================================================================
Received Import Request.
  Time since last request: 0.007261 seconds.
  path: Assets/Prefabs
  artifactKey: Guid(bfc04f53fb96ab44189aff8c3a9bdb84) Importer(815301076,1909f56bfc062723c751e8b465ee728b)
Start importing Assets/Prefabs using Guid(bfc04f53fb96ab44189aff8c3a9bdb84) Importer(815301076,1909f56bfc062723c751e8b465ee728b)  -> (artifact id: 'c2e37d5d6bd2b8d45ffe1a3ae543bcd0') in 0.006239 seconds
  Import took 0.014713 seconds .

========================================================================
Received Import Request.
  Time since last request: 0.058727 seconds.
  path: Assets/Prefabs/Bullet.prefab
  artifactKey: Guid(25e8272bdec09f94e877850708a6b54f) Importer(815301076,1909f56bfc062723c751e8b465ee728b)
Start importing Assets/Prefabs/Bullet.prefab using Guid(25e8272bdec09f94e877850708a6b54f) Importer(815301076,1909f56bfc062723c751e8b465ee728b)  -> (artifact id: '984e1e322334566833037a585577aa78') in 1.232162 seconds
  Import took 1.237142 seconds .

========================================================================
Received Import Request.
  Time since last request: 0.000309 seconds.
  path: Assets/Prefabs/BulletImpact.prefab
  artifactKey: Guid(70e25d86b9daf354884e3fceb08650b3) Importer(815301076,1909f56bfc062723c751e8b465ee728b)
Start importing Assets/Prefabs/BulletImpact.prefab using Guid(70e25d86b9daf354884e3fceb08650b3) Importer(815301076,1909f56bfc062723c751e8b465ee728b)  -> (artifact id: '43ef342439aad3ac4de0232de0b8a203') in 0.129459 seconds
  Import took 0.134006 seconds .

========================================================================
Received Import Request.
  Time since last request: 0.000262 seconds.
  path: Assets/Prefabs/grunt.prefab
  artifactKey: Guid(b4ebd4bb61e1b7d4e91a77f4060da491) Importer(815301076,1909f56bfc062723c751e8b465ee728b)
Start importing Assets/Prefabs/grunt.prefab using Guid(b4ebd4bb61e1b7d4e91a77f4060da491) Importer(815301076,1909f56bfc062723c751e8b465ee728b)  -> (artifact id: '23d6fe9a3ace41f1c78bb6f5fe1e9906') in 0.072064 seconds
  Import took 0.098527 seconds .

========================================================================
Received Prepare
Registering precompiled user dll's ...
Registered in 0.008768 seconds.
Begin MonoManager ReloadAssembly
Native extension for WindowsStandalone target not found
Refreshing native plugins compatible for Editor in 1.09 ms, found 3 plugins.
Preloading 0 native plugins for Editor in 0.00 ms.
Mono: successfully reloaded assembly
- Completed reload, in  1.666 seconds
Platform modules already initialized, skipping
Refreshing native plugins compatible for Editor in 1.10 ms, found 3 plugins.
Preloading 0 native plugins for Editor in 0.00 ms.
Unloading 1829 Unused Serialized files (Serialized files now loaded: 0)
System memory in use before: 101.2 MB.
System memory in use after: 101.2 MB.

Unloading 29 unused Assets to reduce memory usage. Loaded Objects now: 2333.
Total: 5.121500 ms (FindLiveObjects: 0.405500 ms CreateObjectMapping: 0.188800 ms MarkObjects: 4.355300 ms  DeleteObjects: 0.169400 ms)

========================================================================
Received Import Request.
  Time since last request: 70.220759 seconds.
  path: Assets/LoDemas/ScriptFuncionales
  artifactKey: Guid(d5ee22e5a7b148b46b027b8812e695f7) Importer(815301076,1909f56bfc062723c751e8b465ee728b)
Start importing Assets/LoDemas/ScriptFuncionales using Guid(d5ee22e5a7b148b46b027b8812e695f7) Importer(815301076,1909f56bfc062723c751e8b465ee728b)  -> (artifact id: '9602fc9f2e73013c65f9161bfc5f7f4b') in 0.021686 seconds
  Import took 0.039572 seconds .

========================================================================
Received Prepare
Registering precompiled user dll's ...
Registered in 0.010590 seconds.
Begin MonoManager ReloadAssembly
Native extension for WindowsStandalone target not found
Refreshing native plugins compatible for Editor in 0.68 ms, found 3 plugins.
Preloading 0 native plugins for Editor in 0.00 ms.
Mono: successfully reloaded assembly
- Completed reload, in  1.756 seconds
Platform modules already initialized, skipping
Refreshing native plugins compatible for Editor in 1.57 ms, found 3 plugins.
Preloading 0 native plugins for Editor in 0.00 ms.
Unloading 1829 Unused Serialized files (Serialized files now loaded: 0)
System memory in use before: 101.3 MB.
System memory in use after: 101.3 MB.

Unloading 29 unused Assets to reduce memory usage. Loaded Objects now: 2337.
Total: 2.535700 ms (FindLiveObjects: 0.221700 ms CreateObjectMapping: 0.089400 ms MarkObjects: 2.065300 ms  DeleteObjects: 0.157700 ms)

========================================================================
Received Import Request.
  Time since last request: 176.982307 seconds.
  path: Assets/Scripts/Animacion/MagoController.controller
  artifactKey: Guid(8dc8bbda059ad074fb2c6bb4d041bd09) Importer(815301076,1909f56bfc062723c751e8b465ee728b)
Start importing Assets/Scripts/Animacion/MagoController.controller using Guid(8dc8bbda059ad074fb2c6bb4d041bd09) Importer(815301076,1909f56bfc062723c751e8b465ee728b)  -> (artifact id: '0b26fb3dfd729b38130a0c6c8fd33a26') in 0.062068 seconds
  Import took 0.074574 seconds .

========================================================================
Received Import Request.
  Time since last request: 4.555559 seconds.
  path: Assets/Scripts/Animacion/Mago.anim
  artifactKey: Guid(7db7eaea79f8870428dc00e968bd4d4f) Importer(815301076,1909f56bfc062723c751e8b465ee728b)
Start importing Assets/Scripts/Animacion/Mago.anim using Guid(7db7eaea79f8870428dc00e968bd4d4f) Importer(815301076,1909f56bfc062723c751e8b465ee728b)  -> (artifact id: '658a105fc539c06d3ddd499c900e82a6') in 0.033554 seconds
  Import took 0.059076 seconds .

========================================================================
Received Import Request.
  Time since last request: 0.054411 seconds.
  path: Assets/Scripts/Animacion/Mago.anim
  artifactKey: Guid(7db7eaea79f8870428dc00e968bd4d4f) Importer(815301076,1909f56bfc062723c751e8b465ee728b)
Start importing Assets/Scripts/Animacion/Mago.anim using Guid(7db7eaea79f8870428dc00e968bd4d4f) Importer(815301076,1909f56bfc062723c751e8b465ee728b)  -> (artifact id: '658a105fc539c06d3ddd499c900e82a6') in 0.016255 seconds
  Import took 0.020903 seconds .

